Build started 9/10/2015 8:40:58 PM.
     1>Project "F:\Github\DemoDirectX\DemoDirectX\DemoDirectX.vcxproj" on node 2 (Build target(s)).
     1>ClCompile:
         C:\Program Files (x86)\Microsoft Visual Studio 12.0\VC\bin\CL.exe /c /ZI /nologo /W3 /WX- /sdl /Od /Oy- /D WIN32 /D _UNICODE /D ZLIB_WINAPI /D _CRT_SECURE_NO_WARNINGS /D _DEBUG /D _WINDOWS /D _UNICODE /D UNICODE /Gm /EHsc /RTC1 /MDd /GS /fp:precise /Zc:wchar_t /Zc:forScope /Fo"Debug\\" /Fd"Debug\vc120.pdb" /Gz /TP /analyze- /errorReport:prompt GameLog.cpp GameMap.cpp
         GameMap.cpp
     1>f:\github\demodirectx\demodirectx\gamemap.cpp(20): warning C4018: '<' : signed/unsigned mismatch
     1>f:\github\demodirectx\demodirectx\gamemap.cpp(98): warning C4018: '<' : signed/unsigned mismatch
     1>f:\github\demodirectx\demodirectx\gamemap.cpp(105): warning C4018: '<' : signed/unsigned mismatch
     1>f:\github\demodirectx\demodirectx\gamemap.cpp(117): warning C4018: '<' : signed/unsigned mismatch
     1>f:\github\demodirectx\demodirectx\gamemap.cpp(119): warning C4018: '<' : signed/unsigned mismatch
     1>f:\github\demodirectx\demodirectx\gamemap.cpp(137): warning C4244: 'argument' : conversion from 'size_t' to 'FLOAT', possible loss of data
     1>f:\github\demodirectx\demodirectx\gamemap.cpp(142): warning C4244: '=' : conversion from 'float' to 'LONG', possible loss of data
     1>f:\github\demodirectx\demodirectx\gamemap.cpp(143): warning C4244: '=' : conversion from 'float' to 'LONG', possible loss of data
         GameLog.cpp
         Generating Code...
       Link:
         C:\Program Files (x86)\Microsoft Visual Studio 12.0\VC\bin\link.exe /ERRORREPORT:PROMPT /OUT:"F:\Github\DemoDirectX\Debug\DemoDirectX.exe" /INCREMENTAL /NOLOGO d3dx9.lib d3d9.lib dxguid.lib dinput8.lib zlib.lib winmm.lib kernel32.lib user32.lib gdi32.lib winspool.lib comdlg32.lib advapi32.lib shell32.lib ole32.lib oleaut32.lib uuid.lib odbc32.lib odbccp32.lib /MANIFEST /MANIFESTUAC:"level='asInvoker' uiAccess='false'" /manifest:embed /DEBUG /PDB:"F:\Github\DemoDirectX\Debug\DemoDirectX.pdb" /SUBSYSTEM:WINDOWS /TLBID:1 /DYNAMICBASE /NXCOMPAT /IMPLIB:"F:\Github\DemoDirectX\Debug\DemoDirectX.lib" /MACHINE:X86 Debug\Animation.obj
         Debug\Brick.obj
         Debug\BrickGold.obj
         Debug\Camera.obj
         Debug\Enemy.obj
         Debug\EnemyMushRoom.obj
         Debug\Game.obj
         Debug\GameCollision.obj
         Debug\GameConverter.obj
         Debug\GameDebugDraw.obj
         Debug\GameGlobal.obj
         Debug\GameInput.obj
         Debug\GameLog.obj
         Debug\GameMap.obj
         Debug\GameScene.obj
         Debug\GameTime.obj
         Debug\main.obj
         Debug\base64.obj
         Debug\miniz.obj
         Debug\tinyxml2.obj
         Debug\TmxEllipse.obj
         Debug\TmxImage.obj
         Debug\TmxImageLayer.obj
         Debug\TmxLayer.obj
         Debug\TmxMap.obj
         Debug\TmxObject.obj
         Debug\TmxObjectGroup.obj
         Debug\TmxPolygon.obj
         Debug\TmxPolyline.obj
         Debug\TmxPropertySet.obj
         Debug\TmxTerrain.obj
         Debug\TmxTerrainArray.obj
         Debug\TmxTile.obj
         Debug\TmxTileLayer.obj
         Debug\TmxTileOffset.obj
         Debug\TmxTileset.obj
         Debug\TmxUtil.obj
         Debug\Mario.obj
         Debug\PhysicWorld.obj
         Debug\QuadTree.obj
         Debug\Scene.obj
         Debug\SceneGamePlay.obj
         Debug\SceneManager.obj
         Debug\Sprite.obj
         DemoDirectX.vcxproj -> F:\Github\DemoDirectX\Debug\DemoDirectX.exe
     1>Done Building Project "F:\Github\DemoDirectX\DemoDirectX\DemoDirectX.vcxproj" (Build target(s)).

Build succeeded.

Time Elapsed 00:00:03.32
