f:\github\demodirectx\demodirectx\debug\vc120.pdb
f:\github\demodirectx\demodirectx\debug\vc120.idb
f:\github\demodirectx\demodirectx\debug\tmxmap.obj
f:\github\demodirectx\demodirectx\debug\tmxobject.obj
f:\github\demodirectx\demodirectx\debug\tmxobjectgroup.obj
f:\github\demodirectx\demodirectx\debug\tmxpolygon.obj
f:\github\demodirectx\demodirectx\debug\tmxpolyline.obj
f:\github\demodirectx\demodirectx\debug\tmxpropertyset.obj
f:\github\demodirectx\demodirectx\debug\tmxterrain.obj
f:\github\demodirectx\demodirectx\debug\tmxterrainarray.obj
f:\github\demodirectx\demodirectx\debug\tmxtile.obj
f:\github\demodirectx\demodirectx\debug\tmxtilelayer.obj
f:\github\demodirectx\demodirectx\debug\tmxtileoffset.obj
f:\github\demodirectx\demodirectx\debug\tmxtileset.obj
f:\github\demodirectx\demodirectx\debug\tmxutil.obj
f:\github\demodirectx\demodirectx\debug\mario.obj
f:\github\demodirectx\demodirectx\debug\physicworld.obj
f:\github\demodirectx\demodirectx\debug\quadtree.obj
f:\github\demodirectx\demodirectx\debug\scene.obj
f:\github\demodirectx\demodirectx\debug\scenegameplay.obj
f:\github\demodirectx\demodirectx\debug\scenemanager.obj
f:\github\demodirectx\demodirectx\debug\sprite.obj
f:\github\demodirectx\demodirectx\debug\brick.obj
f:\github\demodirectx\demodirectx\debug\camera.obj
f:\github\demodirectx\demodirectx\debug\enemy.obj
f:\github\demodirectx\demodirectx\debug\enemymushroom.obj
f:\github\demodirectx\demodirectx\debug\game.obj
f:\github\demodirectx\demodirectx\debug\gamecollision.obj
f:\github\demodirectx\demodirectx\debug\gameconverter.obj
f:\github\demodirectx\demodirectx\debug\gamedebugdraw.obj
f:\github\demodirectx\demodirectx\debug\gameglobal.obj
f:\github\demodirectx\demodirectx\debug\gameinput.obj
f:\github\demodirectx\demodirectx\debug\gamelog.obj
f:\github\demodirectx\demodirectx\debug\gamemap.obj
f:\github\demodirectx\demodirectx\debug\gametime.obj
f:\github\demodirectx\demodirectx\debug\main.obj
f:\github\demodirectx\demodirectx\debug\base64.obj
f:\github\demodirectx\demodirectx\debug\tinyxml2.obj
f:\github\demodirectx\demodirectx\debug\tmxellipse.obj
f:\github\demodirectx\demodirectx\debug\tmximage.obj
f:\github\demodirectx\demodirectx\debug\tmximagelayer.obj
f:\github\demodirectx\demodirectx\debug\tmxlayer.obj
f:\github\demodirectx\demodirectx\debug\animation.obj
f:\github\demodirectx\demodirectx\debug\miniz.obj
f:\github\demodirectx\demodirectx\debug\brickgold.obj
f:\github\demodirectx\demodirectx\debug\gamescene.obj
f:\github\demodirectx\demodirectx\debug\shader.obj
f:\github\demodirectx\debug\demodirectx.ilk
f:\github\demodirectx\debug\demodirectx.exe
f:\github\demodirectx\debug\demodirectx.pdb
f:\github\demodirectx\demodirectx\debug\demodirectx.tlog\cl.command.1.tlog
f:\github\demodirectx\demodirectx\debug\demodirectx.tlog\cl.read.1.tlog
f:\github\demodirectx\demodirectx\debug\demodirectx.tlog\cl.write.1.tlog
f:\github\demodirectx\demodirectx\debug\demodirectx.tlog\link.command.1.tlog
f:\github\demodirectx\demodirectx\debug\demodirectx.tlog\link.read.1.tlog
f:\github\demodirectx\demodirectx\debug\demodirectx.tlog\link.write.1.tlog
