Build started 12/12/2015 3:02:00 PM.
     1>Project "F:\Github\DemoDirectX\DemoDirectX\DemoDirectX.vcxproj" on node 2 (Build target(s)).
     1>ClCompile:
         C:\Program Files (x86)\Microsoft Visual Studio 12.0\VC\bin\CL.exe /c /Zi /nologo /W3 /WX- /sdl /O2 /Oi /Oy- /GL /D WIN32 /D _CRT_SECURE_NO_WARNINGS /D NDEBUG /D _WINDOWS /D _UNICODE /D UNICODE /Gm- /EHsc /MD /GS /fp:precise /Zc:wchar_t /Zc:forScope /Fo"Release\\" /Fd"Release\vc120.pdb" /Gz /TP /analyze- /errorReport:prompt TestScene.cpp
         TestScene.cpp
         C:\Program Files (x86)\Microsoft DirectX SDK (June 2010)\include\dinput.h: DIRECTINPUT_VERSION undefined. Defaulting to version 0x0800
     1>TestScene.cpp(83): warning C4018: '<' : signed/unsigned mismatch
     1>TestScene.cpp(162): warning C4018: '<' : signed/unsigned mismatch
     1>TestScene.cpp(169): warning C4018: '<' : signed/unsigned mismatch
     1>TestScene.cpp(198): warning C4018: '<' : signed/unsigned mismatch
     1>TestScene.cpp(238): warning C4244: 'argument' : conversion from 'int' to 'FLOAT', possible loss of data
     1>TestScene.cpp(384): warning C4018: '<' : signed/unsigned mismatch
     1>TestScene.cpp(396): warning C4305: 'initializing' : truncation from 'double' to 'float'
       Link:
         C:\Program Files (x86)\Microsoft Visual Studio 12.0\VC\bin\link.exe /ERRORREPORT:PROMPT /OUT:"F:\Github\DemoDirectX\Release\DemoDirectX.exe" /INCREMENTAL:NO /NOLOGO d3dx9.lib d3d9.lib dxguid.lib dinput8.lib zlib.lib winmm.lib kernel32.lib user32.lib gdi32.lib winspool.lib comdlg32.lib advapi32.lib shell32.lib ole32.lib oleaut32.lib uuid.lib odbc32.lib odbccp32.lib /MANIFEST /MANIFESTUAC:"level='asInvoker' uiAccess='false'" /manifest:embed /PDB:"F:\Github\DemoDirectX\Release\DemoDirectX.pdb" /SUBSYSTEM:WINDOWS /OPT:REF /OPT:ICF /LTCG /TLBID:1 /DYNAMICBASE /NXCOMPAT /IMPLIB:"F:\Github\DemoDirectX\Release\DemoDirectX.lib" /MACHINE:X86 /SAFESEH Release\Animation.obj
         Release\Brick.obj
         Release\BrickGold.obj
         Release\Camera.obj
         Release\Enemy.obj
         Release\EnemyMushRoom.obj
         Release\Game.obj
         Release\GameCollision.obj
         Release\GameConverter.obj
         Release\GameDebugDraw.obj
         Release\GameGlobal.obj
         Release\GameInput.obj
         Release\GameLog.obj
         Release\GameMap.obj
         Release\GameScene.obj
         Release\GameTime.obj
         Release\main.obj
         Release\base64.obj
         Release\miniz.obj
         Release\tinyxml2.obj
         Release\TmxEllipse.obj
         Release\TmxImage.obj
         Release\TmxImageLayer.obj
         Release\TmxLayer.obj
         Release\TmxMap.obj
         Release\TmxObject.obj
         Release\TmxObjectGroup.obj
         Release\TmxPolygon.obj
         Release\TmxPolyline.obj
         Release\TmxPropertySet.obj
         Release\TmxTerrain.obj
         Release\TmxTerrainArray.obj
         Release\TmxTile.obj
         Release\TmxTileLayer.obj
         Release\TmxTileOffset.obj
         Release\TmxTileset.obj
         Release\TmxUtil.obj
         Release\Mario.obj
         Release\PhysicWorld.obj
         Release\QuadTree.obj
         Release\Scene.obj
         Release\SceneGamePlay.obj
         Release\SceneManager.obj
         Release\Shader.obj
         Release\Sprite.obj
         Release\TestScene.obj
         Release\TransitionScanDown.obj
         Generating code
         Finished generating code
         DemoDirectX.vcxproj -> F:\Github\DemoDirectX\Release\DemoDirectX.exe
     1>Done Building Project "F:\Github\DemoDirectX\DemoDirectX\DemoDirectX.vcxproj" (Build target(s)).

Build succeeded.

Time Elapsed 00:00:07.48
